<?xml version="1.0" encoding="UTF-8" ?>
<testsuite errors="1" failures="0" hostname="miracle-PC" name="com.msb.account.AccountSearch" skipped="0" tests="1" time="79.828" timestamp="2016-10-13T14:34:12">
  <properties>
    <property name="java.vendor" value="Oracle Corporation" />
    <property name="env.MOZ_PLUGIN_PATH" value="C:\Program Files (x86)\Foxit Software\Foxit Reader\plugins\" />
    <property name="sun.java.launcher" value="SUN_STANDARD" />
    <property name="sun.management.compiler" value="HotSpot 64-Bit Tiered Compilers" />
    <property name="env.PROMPT" value="$P$G" />
    <property name="os.name" value="Windows 7" />
    <property name="env.FP_NO_HOST_CHECK" value="NO" />
    <property name="sun.boot.class.path" value="C:\Program Files\Java\jdk1.8.0_101\jre\lib\resources.jar;C:\Program Files\Java\jdk1.8.0_101\jre\lib\rt.jar;C:\Program Files\Java\jdk1.8.0_101\jre\lib\sunrsasign.jar;C:\Program Files\Java\jdk1.8.0_101\jre\lib\jsse.jar;C:\Program Files\Java\jdk1.8.0_101\jre\lib\jce.jar;C:\Program Files\Java\jdk1.8.0_101\jre\lib\charsets.jar;C:\Program Files\Java\jdk1.8.0_101\jre\lib\jfr.jar;C:\Program Files\Java\jdk1.8.0_101\jre\classes" />
    <property name="env.COMPUTERNAME" value="MIRACLE-PC" />
    <property name="env.CommonProgramW6432" value="C:\Program Files\Common Files" />
    <property name="env.ALLUSERSPROFILE" value="C:\ProgramData" />
    <property name="sun.desktop" value="windows" />
    <property name="java.vm.specification.vendor" value="Oracle Corporation" />
    <property name="ant.home" value="C:\apache-ant-1.9.7" />
    <property name="java.runtime.version" value="1.8.0_101-b13" />
    <property name="ant.file.MSB" value="G:\SampleTestJiraMSB\build.xml" />
    <property name="env.HOMEPATH" value="\Users\miracle" />
    <property name="user.name" value="miracle" />
    <property name="user.language" value="en" />
    <property name="env.windows_tracing_flags" value="3" />
    <property name="sun.boot.library.path" value="C:\Program Files\Java\jdk1.8.0_101\jre\bin" />
    <property name="ant.project.default-target" value="build" />
    <property name="ant.project.name" value="MSB" />
    <property name="java.version" value="1.8.0_101" />
    <property name="env.PROCESSOR_IDENTIFIER" value="Intel64 Family 6 Model 37 Stepping 5, GenuineIntel" />
    <property name="user.timezone" value="" />
    <property name="env.asl.log" value="Destination=file" />
    <property name="env.TEMP" value="C:\Users\miracle\AppData\Local\Temp" />
    <property name="sun.arch.data.model" value="64" />
    <property name="env.=G:" value="G:\SampleTestJiraMSB" />
    <property name="java.endorsed.dirs" value="C:\Program Files\Java\jdk1.8.0_101\jre\lib\endorsed" />
    <property name="env._JAVACMD" value="C:\Program Files\Java\jdk1.8.0_101\bin\java.exe" />
    <property name="sun.cpu.isalist" value="amd64" />
    <property name="env.HOMEDRIVE" value="C:" />
    <property name="sun.jnu.encoding" value="Cp1252" />
    <property name="file.encoding.pkg" value="sun.io" />
    <property name="ECLIPSE_HOME" value="D:/Selenium/eclipse" />
    <property name="file.separator" value="\" />
    <property name="java.specification.name" value="Java Platform API Specification" />
    <property name="java.class.version" value="52.0" />
    <property name="user.country" value="US" />
    <property name="java.home" value="C:\Program Files\Java\jdk1.8.0_101\jre" />
    <property name="env.PSModulePath" value="C:\Windows\system32\WindowsPowerShell\v1.0\Modules\" />
    <property name="env.APPDATA" value="C:\Users\miracle\AppData\Roaming" />
    <property name="env.PUBLIC" value="C:\Users\Public" />
    <property name="env.windows_tracing_logfile" value="C:\BVTBin\Tests\installpackage\csilogfile.log" />
    <property name="java.vm.info" value="mixed mode" />
    <property name="env.ComSpec" value="C:\Windows\system32\cmd.exe" />
    <property name="env.OS" value="Windows_NT" />
    <property name="env.CommonProgramFiles" value="C:\Program Files\Common Files" />
    <property name="ant.file" value="G:\SampleTestJiraMSB\build.xml" />
    <property name="os.version" value="6.1" />
    <property name="env.ProgramW6432" value="C:\Program Files" />
    <property name="env._USE_CLASSPATH" value="no" />
    <property name="env.=::" value="::\" />
    <property name="path.separator" value=";" />
    <property name="java.vm.version" value="25.101-b13" />
    <property name="user.variant" value="" />
    <property name="env.USERPROFILE" value="C:\Users\miracle" />
    <property name="ant.file.type.MSB" value="file" />
    <property name="ant.library.dir" value="C:\apache-ant-1.9.7\lib" />
    <property name="env.JAVA_HOME" value="C:\Program Files\Java\jdk1.8.0_101" />
    <property name="java.awt.printerjob" value="sun.awt.windows.WPrinterJob" />
    <property name="env.TMP" value="C:\Users\miracle\AppData\Local\Temp" />
    <property name="sun.io.unicode.encoding" value="UnicodeLittle" />
    <property name="awt.toolkit" value="sun.awt.windows.WToolkit" />
    <property name="sun.stdout.encoding" value="cp437" />
    <property name="user.script" value="" />
    <property name="user.home" value="C:\Users\miracle" />
    <property name="target" value="1.7" />
    <property name="env.ProgramData" value="C:\ProgramData" />
    <property name="env.ProgramFiles(x86)" value="C:\Program Files (x86)" />
    <property name="env.SESSIONNAME" value="Console" />
    <property name="java.specification.vendor" value="Oracle Corporation" />
    <property name="java.vendor.url" value="http://java.oracle.com/" />
    <property name="java.library.path" value="C:\Program Files\Java\jdk1.8.0_101\jre\bin;C:\Windows\Sun\Java\bin;C:\Windows\system32;C:\Windows;C:\ProgramData\Oracle\Java\javapath;C:\Windows\system32;C:\Windows;C:\Windows\System32\Wbem;C:\Windows\System32\WindowsPowerShell\v1.0\;C:\apache-ant-1.9.7\bin;C:\Program Files\Git\cmd;C:\Program Files\Git\mingw64\bin;C:\Program Files\Git\usr\bin;C:\Program Files\Java\jdk1.8.0_101;C:\Program Files\Java\jdk1.7.0_51\bin;." />
    <property name="env.NUMBER_OF_PROCESSORS" value="4" />
    <property name="java.vm.vendor" value="Oracle Corporation" />
    <property name="java.runtime.name" value="Java(TM) SE Runtime Environment" />
    <property name="ant.version" value="Apache Ant(TM) version 1.9.7 compiled on April 9 2016" />
    <property name="java.class.path" value="G:\SampleTestJiraMSB\bin;D:\SVN_hubble\trunk\MSBWorkSpace\MSBWorkSpace\Selenium\jar\ApacheJMeter_core.jar;D:\SVN_hubble\trunk\MSBWorkSpace\MSBWorkSpace\Selenium\jar\ApacheJMeter_java.jar;D:\SVN_hubble\trunk\MSBWorkSpace\MSBWorkSpace\Selenium\jar\apache-logging-log4j.jar;D:\SVN_hubble\trunk\MSBWorkSpace\MSBWorkSpace\Selenium\jar\apache-mime4j-0.6.jar;D:\SVN_hubble\trunk\MSBWorkSpace\MSBWorkSpace\Selenium\jar\bsh-1.3.0.jar;D:\SVN_hubble\trunk\MSBWorkSpace\MSBWorkSpace\Selenium\jar\cglib-nodep-2.1_3.jar;D:\SVN_hubble\trunk\MSBWorkSpace\MSBWorkSpace\Selenium\jar\commons-codec-1.9.jar;D:\SVN_hubble\trunk\MSBWorkSpace\MSBWorkSpace\Selenium\jar\commons-collections-3.2.1.jar;D:\SVN_hubble\trunk\MSBWorkSpace\MSBWorkSpace\Selenium\jar\commons-exec-1.1.jar;D:\SVN_hubble\trunk\MSBWorkSpace\MSBWorkSpace\Selenium\jar\commons-io-2.4.jar;D:\SVN_hubble\trunk\MSBWorkSpace\MSBWorkSpace\Selenium\jar\commons-jxpath-1.3.jar;D:\SVN_hubble\trunk\MSBWorkSpace\MSBWorkSpace\Selenium\jar\commons-lang3-3.3.2.jar;D:\SVN_hubble\trunk\MSBWorkSpace\MSBWorkSpace\Selenium\jar\commons-logging-1.1.3.jar;D:\SVN_hubble\trunk\MSBWorkSpace\MSBWorkSpace\Selenium\jar\cssparser-0.9.14.jar;D:\SVN_hubble\trunk\MSBWorkSpace\MSBWorkSpace\Selenium\jar\ExcelReportGenerator-4.0.1.jar;D:\SVN_hubble\trunk\MSBWorkSpace\MSBWorkSpace\Selenium\jar\extentreports-java-2.40.2.jar;D:\SVN_hubble\trunk\MSBWorkSpace\MSBWorkSpace\Selenium\jar\freemarker-2.3.23.jar;D:\SVN_hubble\trunk\MSBWorkSpace\MSBWorkSpace\Selenium\jar\gson-2.3.1.jar;D:\SVN_hubble\trunk\MSBWorkSpace\MSBWorkSpace\Selenium\jar\guava-18.0.jar;D:\SVN_hubble\trunk\MSBWorkSpace\MSBWorkSpace\Selenium\jar\guice-4.0.jar;D:\SVN_hubble\trunk\MSBWorkSpace\MSBWorkSpace\Selenium\jar\hamcrest-core-1.3.jar;D:\SVN_hubble\trunk\MSBWorkSpace\MSBWorkSpace\Selenium\jar\hamcrest-library-1.3.jar;D:\SVN_hubble\trunk\MSBWorkSpace\MSBWorkSpace\Selenium\jar\htmlunit-2.15.jar;D:\SVN_hubble\trunk\MSBWorkSpace\MSBWorkSpace\Selenium\jar\htmlunit-core-js-2.15.jar;D:\SVN_hubble\trunk\MSBWorkSpace\MSBWorkSpace\Selenium\jar\httpclient-4.3.6.jar;D:\SVN_hubble\trunk\MSBWorkSpace\MSBWorkSpace\Selenium\jar\httpcore-4.3.3.jar;D:\SVN_hubble\trunk\MSBWorkSpace\MSBWorkSpace\Selenium\jar\httpmime-4.3.6.jar;D:\SVN_hubble\trunk\MSBWorkSpace\MSBWorkSpace\Selenium\jar\ini4j-0.5.2.jar;D:\SVN_hubble\trunk\MSBWorkSpace\MSBWorkSpace\Selenium\jar\jcommander-1.29.jar;D:\SVN_hubble\trunk\MSBWorkSpace\MSBWorkSpace\Selenium\jar\jetty-websocket-8.1.8.jar;D:\SVN_hubble\trunk\MSBWorkSpace\MSBWorkSpace\Selenium\jar\jna-3.4.0.jar;D:\SVN_hubble\trunk\MSBWorkSpace\MSBWorkSpace\Selenium\jar\jna-platform-3.4.0.jar;D:\SVN_hubble\trunk\MSBWorkSpace\MSBWorkSpace\Selenium\jar\jorphan-2.6.jar;D:\SVN_hubble\trunk\MSBWorkSpace\MSBWorkSpace\Selenium\jar\jsoup-1.8.3.jar;D:\SVN_hubble\trunk\MSBWorkSpace\MSBWorkSpace\Selenium\jar\junit-dep-4.11.jar;D:\SVN_hubble\trunk\MSBWorkSpace\MSBWorkSpace\Selenium\jar\jxl.jar;D:\SVN_hubble\trunk\MSBWorkSpace\MSBWorkSpace\Selenium\jar\jxl-2.6.jar;D:\SVN_hubble\trunk\MSBWorkSpace\MSBWorkSpace\Selenium\jar\log4j-1.2.16.jar;D:\SVN_hubble\trunk\MSBWorkSpace\MSBWorkSpace\Selenium\jar\logkit-1.2.2.jar;D:\SVN_hubble\trunk\MSBWorkSpace\MSBWorkSpace\Selenium\jar\nekohtml-1.9.21.jar;D:\SVN_hubble\trunk\MSBWorkSpace\MSBWorkSpace\Selenium\jar\netty-3.5.7.Final.jar;D:\SVN_hubble\trunk\MSBWorkSpace\MSBWorkSpace\Selenium\jar\operadriver-1.5.jar;D:\SVN_hubble\trunk\MSBWorkSpace\MSBWorkSpace\Selenium\jar\org.apache.httpclient-sources.jar;D:\SVN_hubble\trunk\MSBWorkSpace\MSBWorkSpace\Selenium\jar\org.testng.eclipse_6.8.6.20141201_2240.jar;D:\SVN_hubble\trunk\MSBWorkSpace\MSBWorkSpace\Selenium\jar\org.testng.feature_5.9.0.4.jar;D:\SVN_hubble\trunk\MSBWorkSpace\MSBWorkSpace\Selenium\jar\phantomjsdriver-1.2.1.jar;D:\SVN_hubble\trunk\MSBWorkSpace\MSBWorkSpace\Selenium\jar\poi-3.9.jar;D:\SVN_hubble\trunk\MSBWorkSpace\MSBWorkSpace\Selenium\jar\poi-3.12-20150511.jar;D:\SVN_hubble\trunk\MSBWorkSpace\MSBWorkSpace\Selenium\jar\poi-examples-3.12-20150511.jar;D:\SVN_hubble\trunk\MSBWorkSpace\MSBWorkSpace\Selenium\jar\poi-excelant-3.12-20150511.jar;D:\SVN_hubble\trunk\MSBWorkSpace\MSBWorkSpace\Selenium\jar\poi-ooxml-3.12-20150511.jar;D:\SVN_hubble\trunk\MSBWorkSpace\MSBWorkSpace\Selenium\jar\poi-ooxml-schemas-3.12-20150511.jar;D:\SVN_hubble\trunk\MSBWorkSpace\MSBWorkSpace\Selenium\jar\poi-scratchpad-3.12-20150511.jar;D:\SVN_hubble\trunk\MSBWorkSpace\MSBWorkSpace\Selenium\jar\protobuf-java-2.4.1.jar;D:\SVN_hubble\trunk\MSBWorkSpace\MSBWorkSpace\Selenium\jar\reportng-1.1.4.jar;D:\SVN_hubble\trunk\MSBWorkSpace\MSBWorkSpace\Selenium\jar\sac-1.3.jar;D:\SVN_hubble\trunk\MSBWorkSpace\MSBWorkSpace\Selenium\jar\selenium-java-2.45.0.jar;D:\SVN_hubble\trunk\MSBWorkSpace\MSBWorkSpace\Selenium\jar\selenium-java-2.45.0-srcs.jar;D:\SVN_hubble\trunk\MSBWorkSpace\MSBWorkSpace\Selenium\jar\selenium-java-client-driver.jar;D:\SVN_hubble\trunk\MSBWorkSpace\MSBWorkSpace\Selenium\jar\selenium-server-standalone-2.44.0.jar;D:\SVN_hubble\trunk\MSBWorkSpace\MSBWorkSpace\Selenium\jar\selenium-server-standalone-2.45.0.jar;D:\SVN_hubble\trunk\MSBWorkSpace\MSBWorkSpace\Selenium\jar\selenium-server-standalone-2.46.0.jar;D:\SVN_hubble\trunk\MSBWorkSpace\MSBWorkSpace\Selenium\jar\serialization-java-1.2.0.GA.jar;D:\SVN_hubble\trunk\MSBWorkSpace\MSBWorkSpace\Selenium\jar\serializer-2.7.1.jar;D:\SVN_hubble\trunk\MSBWorkSpace\MSBWorkSpace\Selenium\jar\sqlite-jdbc-3.8.11.1.jar;D:\SVN_hubble\trunk\MSBWorkSpace\MSBWorkSpace\Selenium\jar\testng-6.8.5.jar;D:\SVN_hubble\trunk\MSBWorkSpace\MSBWorkSpace\Selenium\jar\velocity-dep-1.4.jar;D:\SVN_hubble\trunk\MSBWorkSpace\MSBWorkSpace\Selenium\jar\xalan-2.7.1.jar;D:\SVN_hubble\trunk\MSBWorkSpace\MSBWorkSpace\Selenium\jar\xercesImpl-2.11.0.jar;D:\SVN_hubble\trunk\MSBWorkSpace\MSBWorkSpace\Selenium\jar\xml-apis-1.4.01.jar;C:\apache-ant-1.9.7\lib\junit-4.12.jar;C:\apache-ant-1.9.7\lib\ant-launcher.jar;C:\apache-ant-1.9.7\lib\ant.jar;C:\apache-ant-1.9.7\lib\ant-junit.jar;C:\apache-ant-1.9.7\lib\ant-junit4.jar" />
    <property name="sun.java.command" value="org.apache.tools.ant.taskdefs.optional.junit.JUnitTestRunner com.msb.account.AccountSearch skipNonTests=false filtertrace=true haltOnError=false haltOnFailure=false formatter=org.apache.tools.ant.taskdefs.optional.junit.OutErrSummaryJUnitResultFormatter showoutput=false outputtoformatters=true logfailedtests=true threadid=0 logtestlistenerevents=false formatter=org.apache.tools.ant.taskdefs.optional.junit.XMLJUnitResultFormatter,G:\SampleTestJiraMSB\${junit.output.dir}\TEST-com.msb.account.AccountSearch.xml crashfile=G:\SampleTestJiraMSB\junitvmwatcher6677007410124772795.properties propsfile=G:\SampleTestJiraMSB\junit1924300970597132093.properties" />
    <property name="java.vm.specification.name" value="Java Virtual Machine Specification" />
    <property name="ant.file.type" value="file" />
    <property name="env.windir" value="C:\Windows" />
    <property name="env.LOGONSERVER" value="\\MIRACLE-PC" />
    <property name="env.PROCESSOR_ARCHITECTURE" value="AMD64" />
    <property name="java.vm.specification.version" value="1.8" />
    <property name="sun.os.patch.level" value="Service Pack 1" />
    <property name="sun.cpu.endian" value="little" />
    <property name="debuglevel" value="source,lines,vars" />
    <property name="env.ANT_HOME" value="C:\apache-ant-1.9.7" />
    <property name="env.ProgramFiles" value="C:\Program Files" />
    <property name="java.io.tmpdir" value="C:\Users\miracle\AppData\Local\Temp\" />
    <property name="env.PROCESSOR_REVISION" value="2505" />
    <property name="env.CommonProgramFiles(x86)" value="C:\Program Files (x86)\Common Files" />
    <property name="java.vendor.url.bug" value="http://bugreport.sun.com/bugreport/" />
    <property name="env.SystemRoot" value="C:\Windows" />
    <property name="java.awt.graphicsenv" value="sun.awt.Win32GraphicsEnvironment" />
    <property name="env.ANT_CMD_LINE_ARGS" value=" &quot;sampletest&quot; -f build.xml" />
    <property name="os.arch" value="amd64" />
    <property name="java.ext.dirs" value="C:\Program Files\Java\jdk1.8.0_101\jre\lib\ext;C:\Windows\Sun\Java\lib\ext" />
    <property name="user.dir" value="G:\SampleTestJiraMSB" />
    <property name="env.LOCALAPPDATA" value="C:\Users\miracle\AppData\Local" />
    <property name="line.separator" value="&#xd;&#xa;" />
    <property name="java.vm.name" value="Java HotSpot(TM) 64-Bit Server VM" />
    <property name="env.PATHEXT" value=".COM;.EXE;.BAT;.CMD;.VBS;.VBE;.JS;.JSE;.WSF;.WSH;.MSC" />
    <property name="env.JRE_HOME" value="C:\Program Files\Java\jre1.8.0_101" />
    <property name="env.Path" value="C:\ProgramData\Oracle\Java\javapath;C:\Windows\system32;C:\Windows;C:\Windows\System32\Wbem;C:\Windows\System32\WindowsPowerShell\v1.0\;C:\apache-ant-1.9.7\bin;C:\Program Files\Git\cmd;C:\Program Files\Git\mingw64\bin;C:\Program Files\Git\usr\bin;C:\Program Files\Java\jdk1.8.0_101;C:\Program Files\Java\jdk1.7.0_51\bin" />
    <property name="basedir" value="G:\SampleTestJiraMSB" />
    <property name="ant.java.version" value="1.8" />
    <property name="ant.core.lib" value="C:\apache-ant-1.9.7\lib\ant.jar" />
    <property name="env.USERNAME" value="miracle" />
    <property name="source" value="1.7" />
    <property name="env.SystemDrive" value="C:" />
    <property name="file.encoding" value="Cp1252" />
    <property name="sun.stderr.encoding" value="cp437" />
    <property name="env.USERDOMAIN" value="miracle-PC" />
    <property name="java.specification.version" value="1.8" />
    <property name="ant.project.invoked-targets" value="sampletest" />
    <property name="env.PROCESSOR_LEVEL" value="6" />
  </properties>
  <testcase classname="com.msb.account.AccountSearch" name="testSearchAccount" time="79.592">
    <error type="java.lang.Exception">java.lang.Exception
	at com.msb.account.AccountSearch.testSearchAccount(AccountSearch.java:122)
</error>
  </testcase>
  <system-out><![CDATA[running from Selenium
After this failure
Error in Search Account .. 
RULEID PATHsearchAccount.png
Error Image pathG:\SampleTestJiraMSB\report\searchAccount.png
FROM=======>C:\Users\miracle\AppData\Local\Temp\screenshot6331644045086708055.png
TO=======>G:\SampleTestJiraMSB\report\searchAccount.png
Destination file doesn't exist. Creating one!
Search Account searchAccount
Location--->/D:/SVN_hubble/trunk/MSBWorkSpace/MSBWorkSpace/Selenium/jar/junit-dep-4.11.jar
Location Path--->G:\SampleTestJiraMSB
Entered writelog
2016/10/13
filepath-->G:\SampleTestJiraMSB//report/
Was file deleted ? : false
G:\SampleTestJiraMSB//report/MSBReport.txt
Time---->
2016/10/13
Was file deleted ? : false
G:\SampleTestJiraMSB//report/MSBReport.html
]]></system-out>
  <system-err><![CDATA[log4j:WARN No appenders could be found for logger (org.apache.http.client.protocol.RequestAddCookies).
log4j:WARN Please initialize the log4j system properly.
log4j:WARN See http://logging.apache.org/log4j/1.2/faq.html#noconfig for more info.
Oct 13, 2016 8:05:30 PM org.openqa.selenium.remote.Augmenter extractRemoteWebDriver
WARNING: Augmenter should be applied to the instances of @Augmentable classes or previously augmented instances only
org.openqa.selenium.NoSuchElementException: Unable to locate element: {"method":"id","selector":"option[value=\"4\"]"}
Command duration or timeout: 30.13 seconds
For documentation on this error, please visit: http://seleniumhq.org/exceptions/no_such_element.html
Build info: version: '2.45.0', revision: '32a636c', time: '2015-03-05 22:01:35'
System info: host: 'miracle-PC', ip: '172.17.7.112', os.name: 'Windows 7', os.arch: 'amd64', os.version: '6.1', java.version: '1.8.0_101'
Driver info: org.openqa.selenium.firefox.FirefoxDriver
Capabilities [{applicationCacheEnabled=true, rotatable=false, handlesAlerts=true, databaseEnabled=true, version=35.0.1, platform=WINDOWS, nativeEvents=false, acceptSslCerts=true, webStorageEnabled=true, locationContextEnabled=true, browserName=firefox, takesScreenshot=true, javascriptEnabled=true, cssSelectorsEnabled=true}]
Session ID: 1385f169-2999-4070-b62e-a3bec116c9bf
*** Element info: {Using=id, value=option[value="4"]}
	at sun.reflect.NativeConstructorAccessorImpl.newInstance0(Native Method)
	at sun.reflect.NativeConstructorAccessorImpl.newInstance(NativeConstructorAccessorImpl.java:62)
	at sun.reflect.DelegatingConstructorAccessorImpl.newInstance(DelegatingConstructorAccessorImpl.java:45)
	at java.lang.reflect.Constructor.newInstance(Constructor.java:423)
	at org.openqa.selenium.remote.ErrorHandler.createThrowable(ErrorHandler.java:204)
	at org.openqa.selenium.remote.ErrorHandler.throwIfResponseFailed(ErrorHandler.java:156)
	at org.openqa.selenium.remote.RemoteWebDriver.execute(RemoteWebDriver.java:599)
	at org.openqa.selenium.remote.RemoteWebDriver.findElement(RemoteWebDriver.java:352)
	at org.openqa.selenium.remote.RemoteWebDriver.findElementById(RemoteWebDriver.java:393)
	at org.openqa.selenium.By$ById.findElement(By.java:214)
	at org.openqa.selenium.remote.RemoteWebDriver.findElement(RemoteWebDriver.java:344)
	at com.msb.account.AccountSearch.testSearchAccount(AccountSearch.java:69)
	at sun.reflect.NativeMethodAccessorImpl.invoke0(Native Method)
	at sun.reflect.NativeMethodAccessorImpl.invoke(NativeMethodAccessorImpl.java:62)
	at sun.reflect.DelegatingMethodAccessorImpl.invoke(DelegatingMethodAccessorImpl.java:43)
	at java.lang.reflect.Method.invoke(Method.java:498)
	at org.junit.runners.model.FrameworkMethod$1.runReflectiveCall(FrameworkMethod.java:47)
	at org.junit.internal.runners.model.ReflectiveCallable.run(ReflectiveCallable.java:12)
	at org.junit.runners.model.FrameworkMethod.invokeExplosively(FrameworkMethod.java:44)
	at org.junit.internal.runners.statements.InvokeMethod.evaluate(InvokeMethod.java:17)
	at org.junit.runners.ParentRunner.runLeaf(ParentRunner.java:271)
	at org.junit.runners.BlockJUnit4ClassRunner.runChild(BlockJUnit4ClassRunner.java:70)
	at org.junit.runners.BlockJUnit4ClassRunner.runChild(BlockJUnit4ClassRunner.java:50)
	at org.junit.runners.ParentRunner$3.run(ParentRunner.java:238)
	at org.junit.runners.ParentRunner$1.schedule(ParentRunner.java:63)
	at org.junit.runners.ParentRunner.runChildren(ParentRunner.java:236)
	at org.junit.runners.ParentRunner.access$000(ParentRunner.java:53)
	at org.junit.runners.ParentRunner$2.evaluate(ParentRunner.java:229)
	at org.junit.runners.ParentRunner.run(ParentRunner.java:309)
	at junit.framework.JUnit4TestAdapter.run(JUnit4TestAdapter.java:38)
	at org.apache.tools.ant.taskdefs.optional.junit.JUnitTestRunner.run(JUnitTestRunner.java:535)
	at org.apache.tools.ant.taskdefs.optional.junit.JUnitTestRunner.launch(JUnitTestRunner.java:1182)
	at org.apache.tools.ant.taskdefs.optional.junit.JUnitTestRunner.main(JUnitTestRunner.java:1033)
Caused by: org.openqa.selenium.NoSuchElementException: Unable to locate element: {"method":"id","selector":"option[value=\"4\"]"}
For documentation on this error, please visit: http://seleniumhq.org/exceptions/no_such_element.html
Build info: version: '2.45.0', revision: '32a636c', time: '2015-03-05 22:01:35'
System info: host: 'miracle-PC', ip: '172.17.7.112', os.name: 'Windows 7', os.arch: 'amd64', os.version: '6.1', java.version: '1.8.0_101'
Driver info: driver.version: unknown
	at <anonymous class>.FirefoxDriver.prototype.findElementInternal_(file:///C:/Users/miracle/AppData/Local/Temp/anonymous1425927936954326382webdriver-profile/extensions/fxdriver@googlecode.com/components/driver-component.js:10271)
	at <anonymous class>.fxdriver.Timer.prototype.setTimeout/<.notify(file:///C:/Users/miracle/AppData/Local/Temp/anonymous1425927936954326382webdriver-profile/extensions/fxdriver@googlecode.com/components/driver-component.js:603)
]]></system-err>
</testsuite>
